<?xml version="1.0" encoding="UTF-8"?>
<!-- Generated by org.testng.reporters.JUnitXMLReporter -->
<testsuite hostname="DESKTOP-OCIPN57" ignored="8" name="Test" tests="11" failures="0" timestamp="2021-05-28T21:22:48 IST" time="34.674" errors="0">
  <testcase name="BlazeDemo_Travel_World_Test01" time="0.348" classname="com.projectname.scripts.BlazeDemo_Travel_World_Test"/>
  <testcase name="BlazeDemo_Travel_World_Test02" time="0.346" classname="com.projectname.scripts.BlazeDemo_Travel_World_Test"/>
  <testcase name="BlazeDemo_Travel_World_Test03" time="0.585" classname="com.projectname.scripts.BlazeDemo_Travel_World_Test"/>
  <testcase name="BlazeDemo_Travel_World_Test04" time="1.044" classname="com.projectname.scripts.BlazeDemo_Travel_World_Test"/>
  <testcase name="BlazeDemo_Travel_World_Test05" time="0.346" classname="com.projectname.scripts.BlazeDemo_Travel_World_Test"/>
  <testcase name="BlazeDemo_CheckFlights_Test06" time="0.424" classname="com.projectname.scripts.BlazeDemo_Travel_World_Test"/>
  <testcase name="BlazeDemo_CheckFlights_Test07" time="1.092" classname="com.projectname.scripts.BlazeDemo_Travel_World_Test"/>
  <testcase name="BlazeDemo_Home_Test01" time="2.89" classname="com.projectname.scripts.BlazeDemo_Home_Test"/>
  <testcase name="BlazeDemo_Home_Test02" time="1.355" classname="com.projectname.scripts.BlazeDemo_Home_Test"/>
  <testcase name="BlazeDemo_Home_Test03" time="3.57" classname="com.projectname.scripts.BlazeDemo_Home_Test"/>
  <testcase name="BlazeDemo_Login_Test01" time="6.44" classname="com.projectname.scripts.BlazeDemo_Login_Test"/>
  <testcase name="@BeforeTest beforeTest" time="0.0" classname="com.projectname.scripts.BaseTest">
    <ignored/>
  </testcase> <!-- @BeforeTest beforeTest -->
  <testcase name="@BeforeTest beforeTest" time="0.0" classname="com.projectname.scripts.BaseTest">
    <ignored/>
  </testcase> <!-- @BeforeTest beforeTest -->
  <testcase name="@AfterSuite afterSuite" time="0.0" classname="com.projectname.scripts.BaseTest">
    <ignored/>
  </testcase> <!-- @AfterSuite afterSuite -->
  <testcase name="@AfterSuite afterSuite" time="0.0" classname="com.projectname.scripts.BaseTest">
    <ignored/>
  </testcase> <!-- @AfterSuite afterSuite -->
  <testcase name="@BeforeSuite beforeSuite" time="0.0" classname="com.projectname.scripts.BaseTest">
    <ignored/>
  </testcase> <!-- @BeforeSuite beforeSuite -->
  <testcase name="@BeforeSuite beforeSuite" time="0.0" classname="com.projectname.scripts.BaseTest">
    <ignored/>
  </testcase> <!-- @BeforeSuite beforeSuite -->
  <testcase name="@AfterTest afterTest" time="0.0" classname="com.projectname.scripts.BaseTest">
    <ignored/>
  </testcase> <!-- @AfterTest afterTest -->
  <testcase name="@AfterTest afterTest" time="0.0" classname="com.projectname.scripts.BaseTest">
    <ignored/>
  </testcase> <!-- @AfterTest afterTest -->
</testsuite> <!-- Test -->
