<?xml version="1.0" encoding="UTF-8"?>
<!-- Generated by org.testng.reporters.JUnitXMLReporter -->
<testsuite hostname="DESKTOP-OCIPN57" ignored="4" name="Test" tests="10" failures="0" timestamp="2021-05-28T16:30:04 IST" time="27.964" errors="0">
  <testcase name="BlazeDemo_Travel_World_Test01" time="0.337" classname="com.projectname.scripts.BlazeDemo_Travel_World_Test"/>
  <testcase name="BlazeDemo_Travel_World_Test02" time="0.36" classname="com.projectname.scripts.BlazeDemo_Travel_World_Test"/>
  <testcase name="BlazeDemo_Travel_World_Test03" time="0.383" classname="com.projectname.scripts.BlazeDemo_Travel_World_Test"/>
  <testcase name="BlazeDemo_Travel_World_Test04" time="1.486" classname="com.projectname.scripts.BlazeDemo_Travel_World_Test"/>
  <testcase name="BlazeDemo_Travel_World_Test05" time="0.351" classname="com.projectname.scripts.BlazeDemo_Travel_World_Test"/>
  <testcase name="BlazeDemo_CheckFlights_Test06" time="0.347" classname="com.projectname.scripts.BlazeDemo_Travel_World_Test"/>
  <testcase name="BlazeDemo_CheckFlights_Test07" time="1.137" classname="com.projectname.scripts.BlazeDemo_Travel_World_Test"/>
  <testcase name="BlazeDemo_Home_Test01" time="2.745" classname="com.projectname.scripts.BlazeDemo_Home_Test"/>
  <testcase name="BlazeDemo_Home_Test02" time="1.716" classname="com.projectname.scripts.BlazeDemo_Home_Test"/>
  <testcase name="BlazeDemo_Home_Test03" time="4.05" classname="com.projectname.scripts.BlazeDemo_Home_Test"/>
  <testcase name="@BeforeTest beforeTest" time="0.0" classname="com.projectname.scripts.BaseTest">
    <ignored/>
  </testcase> <!-- @BeforeTest beforeTest -->
  <testcase name="@AfterSuite afterSuite" time="0.0" classname="com.projectname.scripts.BaseTest">
    <ignored/>
  </testcase> <!-- @AfterSuite afterSuite -->
  <testcase name="@BeforeSuite beforeSuite" time="0.0" classname="com.projectname.scripts.BaseTest">
    <ignored/>
  </testcase> <!-- @BeforeSuite beforeSuite -->
  <testcase name="@AfterTest afterTest" time="0.0" classname="com.projectname.scripts.BaseTest">
    <ignored/>
  </testcase> <!-- @AfterTest afterTest -->
</testsuite> <!-- Test -->
