<?xml version="1.0" encoding="UTF-8"?>
<testng-results skipped="0" failed="0" ignored="8" total="19" passed="11">
  <reporter-output>
    <line>
      <![CDATA[System has successfully moved to https://blazedemo.com/ successfully]]>
    </line>
    <line>
      <![CDATA[ Expected:::System should navigate to "Travel The World Page"  Actual::: System successfully navigated to "Travel The World Page"<div><a HREF='D:\Preqin-WorkSpace\MInterview\target\screenshots\1622217148476.jpg'><img src='D:\Preqin-WorkSpace\MInterview\target\screenshots\1622217148476.jpg' alt='Screen Shot' style='width:250px;height:200px'></a></div>]]>
    </line>
    <line>
      <![CDATA[ Expected:::System should select departure as : Paris  Actual::: System successfully selected departure as : Paris<div><a HREF='D:\Preqin-WorkSpace\MInterview\target\screenshots\1622217148927.jpg'><img src='D:\Preqin-WorkSpace\MInterview\target\screenshots\1622217148927.jpg' alt='Screen Shot' style='width:250px;height:200px'></a></div>]]>
    </line>
    <line>
      <![CDATA[ Expected:::System should select destination as : Berlin  Actual::: System successfully selected departure as : Berlin<div><a HREF='D:\Preqin-WorkSpace\MInterview\target\screenshots\1622217149452.jpg'><img src='D:\Preqin-WorkSpace\MInterview\target\screenshots\1622217149452.jpg' alt='Screen Shot' style='width:250px;height:200px'></a></div>]]>
    </line>
    <line>
      <![CDATA[ Expected:::System has successfully selected Find Flights  Actual::: System has successfully selected Find Flights<div><a HREF='D:\Preqin-WorkSpace\MInterview\target\screenshots\1622217150591.jpg'><img src='D:\Preqin-WorkSpace\MInterview\target\screenshots\1622217150591.jpg' alt='Screen Shot' style='width:250px;height:200px'></a></div>]]>
    </line>
    <line>
      <![CDATA[ Expected:::System should navigate to "Choose Flights Page"  Actual::: System successfully navigated to "Choose Flights Page"<div><a HREF='D:\Preqin-WorkSpace\MInterview\target\screenshots\1622217150897.jpg'><img src='D:\Preqin-WorkSpace\MInterview\target\screenshots\1622217150897.jpg' alt='Screen Shot' style='width:250px;height:200px'></a></div>]]>
    </line>
    <line>
      <![CDATA[ Expected:::System should navigate to the correct Flight Selection Page  Actual::: System has successfully navigated to the correct Flight Selection Page <div><a HREF='D:\Preqin-WorkSpace\MInterview\target\screenshots\1622217151359.jpg'><img src='D:\Preqin-WorkSpace\MInterview\target\screenshots\1622217151359.jpg' alt='Screen Shot' style='width:250px;height:200px'></a></div>]]>
    </line>
    <line>
      <![CDATA[ Expected:::System should choose flight and moved to Reserved Page   Actual::: System successfully choosen flight and moved to Reserved Page <div><a HREF='D:\Preqin-WorkSpace\MInterview\target\screenshots\1622217152562.jpg'><img src='D:\Preqin-WorkSpace\MInterview\target\screenshots\1622217152562.jpg' alt='Screen Shot' style='width:250px;height:200px'></a></div>]]>
    </line>
    <line>
      <![CDATA[ Expected:::System should navigate to "BlazeDemo_HomePage Page"  Actual::: System successfully navigated to "BlazeDemo_HomePage Page"<div><a HREF='D:\Preqin-WorkSpace\MInterview\target\screenshots\1622217155492.jpg'><img src='D:\Preqin-WorkSpace\MInterview\target\screenshots\1622217155492.jpg' alt='Screen Shot' style='width:250px;height:200px'></a></div>]]>
    </line>
    <line>
      <![CDATA[ Expected:::System should navigate to "BlazeDemo_Registration Page"  Actual::: System successfully navigated to "BlazeDemo_Registration Page"<div><a HREF='D:\Preqin-WorkSpace\MInterview\target\screenshots\1622217156825.jpg'><img src='D:\Preqin-WorkSpace\MInterview\target\screenshots\1622217156825.jpg' alt='Screen Shot' style='width:250px;height:200px'></a></div>]]>
    </line>
    <line>
      <![CDATA[ Expected:::System should fill the registration form  Actual::: System successfully fill the registration form<div><a HREF='D:\Preqin-WorkSpace\MInterview\target\screenshots\1622217160542.jpg'><img src='D:\Preqin-WorkSpace\MInterview\target\screenshots\1622217160542.jpg' alt='Screen Shot' style='width:250px;height:200px'></a></div>]]>
    </line>
    <line>
      <![CDATA[ Expected:::System should navigate to "BlazeDemo_HomePage Page"  Actual::: System successfully navigated to "BlazeDemo_HomePage Page"<div><a HREF='D:\Preqin-WorkSpace\MInterview\target\screenshots\1622217165958.jpg'><img src='D:\Preqin-WorkSpace\MInterview\target\screenshots\1622217165958.jpg' alt='Screen Shot' style='width:250px;height:200px'></a></div>]]>
    </line>
    <line>
      <![CDATA[ Expected:::System should navigate to "BlazeDemo_Login Page"  Actual::: System successfully navigated to "BlazeDemo_Login Page"<div><a HREF='D:\Preqin-WorkSpace\MInterview\target\screenshots\1622217167047.jpg'><img src='D:\Preqin-WorkSpace\MInterview\target\screenshots\1622217167047.jpg' alt='Screen Shot' style='width:250px;height:200px'></a></div>]]>
    </line>
  </reporter-output>
  <suite name="Project Suite" duration-ms="34674" started-at="2021-05-28T21:22:13 IST" finished-at="2021-05-28T21:22:47 IST">
    <groups>
    </groups>
    <test name="Test" duration-ms="34674" started-at="2021-05-28T21:22:13 IST" finished-at="2021-05-28T21:22:47 IST">
      <class name="com.projectname.scripts.BlazeDemo_Login_Test">
        <test-method status="PASS" signature="beforeMethod()[pri:0, instance:com.projectname.scripts.BlazeDemo_Login_Test@64bfbc86]" name="beforeMethod" is-config="true" duration-ms="24" started-at="2021-05-28T21:22:40 IST" finished-at="2021-05-28T21:22:40 IST">
          <reporter-output>
          </reporter-output>
        </test-method> <!-- beforeMethod -->
        <test-method status="PASS" signature="BlazeDemo_Login_Test01()[pri:0, instance:com.projectname.scripts.BlazeDemo_Login_Test@64bfbc86]" name="BlazeDemo_Login_Test01" duration-ms="6440" started-at="2021-05-28T21:22:40 IST" description="Navigate To BlazeDemo Login Page" finished-at="2021-05-28T21:22:47 IST">
          <reporter-output>
            <line>
              <![CDATA[ Expected:::System should navigate to "BlazeDemo_HomePage Page"  Actual::: System successfully navigated to "BlazeDemo_HomePage Page"<div><a HREF='D:\Preqin-WorkSpace\MInterview\target\screenshots\1622217165958.jpg'><img src='D:\Preqin-WorkSpace\MInterview\target\screenshots\1622217165958.jpg' alt='Screen Shot' style='width:250px;height:200px'></a></div>]]>
            </line>
            <line>
              <![CDATA[ Expected:::System should navigate to "BlazeDemo_Login Page"  Actual::: System successfully navigated to "BlazeDemo_Login Page"<div><a HREF='D:\Preqin-WorkSpace\MInterview\target\screenshots\1622217167047.jpg'><img src='D:\Preqin-WorkSpace\MInterview\target\screenshots\1622217167047.jpg' alt='Screen Shot' style='width:250px;height:200px'></a></div>]]>
            </line>
          </reporter-output>
        </test-method> <!-- BlazeDemo_Login_Test01 -->
        <test-method status="PASS" signature="afterMethod(org.testng.ITestResult)[pri:0, instance:com.projectname.scripts.BlazeDemo_Login_Test@64bfbc86]" name="afterMethod" is-config="true" duration-ms="24" started-at="2021-05-28T21:22:47 IST" finished-at="2021-05-28T21:22:47 IST">
          <params>
            <param index="0">
              <value>
                <![CDATA[[TestResult name=BlazeDemo_Login_Test01 status=SUCCESS method=BlazeDemo_Login_Test.BlazeDemo_Login_Test01()[pri:0, instance:com.projectname.scripts.BlazeDemo_Login_Test@64bfbc86] output= Expected:::System should navigate to "BlazeDemo_HomePage Page"  Actual::: System successfully navigated to "BlazeDemo_HomePage Page"<div><a HREF='D:\Preqin-WorkSpace\MInterview\target\screenshots\1622217165958.jpg'><img src='D:\Preqin-WorkSpace\MInterview\target\screenshots\1622217165958.jpg' alt='Screen Shot' style='width:250px;height:200px'></a></div>]]]>
              </value>
            </param>
          </params>
          <reporter-output>
          </reporter-output>
        </test-method> <!-- afterMethod -->
      </class> <!-- com.projectname.scripts.BlazeDemo_Login_Test -->
      <class name="com.projectname.scripts.BlazeDemo_Travel_World_Test">
        <test-method status="PASS" signature="beforeSuite()[pri:0, instance:com.projectname.scripts.BlazeDemo_Travel_World_Test@20322d26]" name="beforeSuite" is-config="true" duration-ms="61" started-at="2021-05-28T21:22:13 IST" finished-at="2021-05-28T21:22:13 IST">
          <reporter-output>
          </reporter-output>
        </test-method> <!-- beforeSuite -->
        <test-method status="PASS" signature="beforeTest(java.lang.String)[pri:0, instance:com.projectname.scripts.BlazeDemo_Travel_World_Test@20322d26]" name="beforeTest" is-config="true" duration-ms="14960" started-at="2021-05-28T21:22:13 IST" finished-at="2021-05-28T21:22:28 IST">
          <params>
            <param index="0">
              <value>
                <![CDATA[CHROME]]>
              </value>
            </param>
          </params>
          <reporter-output>
            <line>
              <![CDATA[System has successfully moved to https://blazedemo.com/ successfully]]>
            </line>
          </reporter-output>
        </test-method> <!-- beforeTest -->
        <test-method status="PASS" signature="beforeMethod()[pri:0, instance:com.projectname.scripts.BlazeDemo_Travel_World_Test@20322d26]" name="beforeMethod" is-config="true" duration-ms="25" started-at="2021-05-28T21:22:28 IST" finished-at="2021-05-28T21:22:28 IST">
          <reporter-output>
          </reporter-output>
        </test-method> <!-- beforeMethod -->
        <test-method status="PASS" signature="BlazeDemo_Travel_World_Test01()[pri:0, instance:com.projectname.scripts.BlazeDemo_Travel_World_Test@20322d26]" name="BlazeDemo_Travel_World_Test01" duration-ms="348" started-at="2021-05-28T21:22:28 IST" description="Verifying Landing to Travel The World" finished-at="2021-05-28T21:22:28 IST">
          <reporter-output>
            <line>
              <![CDATA[ Expected:::System should navigate to "Travel The World Page"  Actual::: System successfully navigated to "Travel The World Page"<div><a HREF='D:\Preqin-WorkSpace\MInterview\target\screenshots\1622217148476.jpg'><img src='D:\Preqin-WorkSpace\MInterview\target\screenshots\1622217148476.jpg' alt='Screen Shot' style='width:250px;height:200px'></a></div>]]>
            </line>
          </reporter-output>
        </test-method> <!-- BlazeDemo_Travel_World_Test01 -->
        <test-method status="PASS" signature="afterMethod(org.testng.ITestResult)[pri:0, instance:com.projectname.scripts.BlazeDemo_Travel_World_Test@20322d26]" name="afterMethod" is-config="true" duration-ms="28" started-at="2021-05-28T21:22:28 IST" finished-at="2021-05-28T21:22:28 IST">
          <params>
            <param index="0">
              <value>
                <![CDATA[[TestResult name=BlazeDemo_Travel_World_Test01 status=SUCCESS method=BlazeDemo_Travel_World_Test.BlazeDemo_Travel_World_Test01()[pri:0, instance:com.projectname.scripts.BlazeDemo_Travel_World_Test@20322d26] output= Expected:::System should navigate to "Travel The World Page"  Actual::: System successfully navigated to "Travel The World Page"<div><a HREF='D:\Preqin-WorkSpace\MInterview\target\screenshots\1622217148476.jpg'><img src='D:\Preqin-WorkSpace\MInterview\target\screenshots\1622217148476.jpg' alt='Screen Shot' style='width:250px;height:200px'></a></div>]]]>
              </value>
            </param>
          </params>
          <reporter-output>
          </reporter-output>
        </test-method> <!-- afterMethod -->
        <test-method status="PASS" signature="beforeMethod()[pri:0, instance:com.projectname.scripts.BlazeDemo_Travel_World_Test@20322d26]" name="beforeMethod" is-config="true" duration-ms="23" started-at="2021-05-28T21:22:28 IST" finished-at="2021-05-28T21:22:28 IST">
          <reporter-output>
          </reporter-output>
        </test-method> <!-- beforeMethod -->
        <test-method status="PASS" signature="BlazeDemo_Travel_World_Test02()[pri:0, instance:com.projectname.scripts.BlazeDemo_Travel_World_Test@20322d26]" name="BlazeDemo_Travel_World_Test02" duration-ms="346" started-at="2021-05-28T21:22:28 IST" description="Verifying selection of departure city" depends-on-methods="com.projectname.scripts.BlazeDemo_Travel_World_Test.BlazeDemo_Travel_World_Test01" finished-at="2021-05-28T21:22:29 IST">
          <reporter-output>
            <line>
              <![CDATA[ Expected:::System should select departure as : Paris  Actual::: System successfully selected departure as : Paris<div><a HREF='D:\Preqin-WorkSpace\MInterview\target\screenshots\1622217148927.jpg'><img src='D:\Preqin-WorkSpace\MInterview\target\screenshots\1622217148927.jpg' alt='Screen Shot' style='width:250px;height:200px'></a></div>]]>
            </line>
          </reporter-output>
        </test-method> <!-- BlazeDemo_Travel_World_Test02 -->
        <test-method status="PASS" signature="afterMethod(org.testng.ITestResult)[pri:0, instance:com.projectname.scripts.BlazeDemo_Travel_World_Test@20322d26]" name="afterMethod" is-config="true" duration-ms="15" started-at="2021-05-28T21:22:29 IST" finished-at="2021-05-28T21:22:29 IST">
          <params>
            <param index="0">
              <value>
                <![CDATA[[TestResult name=BlazeDemo_Travel_World_Test02 status=SUCCESS method=BlazeDemo_Travel_World_Test.BlazeDemo_Travel_World_Test02()[pri:0, instance:com.projectname.scripts.BlazeDemo_Travel_World_Test@20322d26] output= Expected:::System should select departure as : Paris  Actual::: System successfully selected departure as : Paris<div><a HREF='D:\Preqin-WorkSpace\MInterview\target\screenshots\1622217148927.jpg'><img src='D:\Preqin-WorkSpace\MInterview\target\screenshots\1622217148927.jpg' alt='Screen Shot' style='width:250px;height:200px'></a></div>]]]>
              </value>
            </param>
          </params>
          <reporter-output>
          </reporter-output>
        </test-method> <!-- afterMethod -->
        <test-method status="PASS" signature="beforeMethod()[pri:0, instance:com.projectname.scripts.BlazeDemo_Travel_World_Test@20322d26]" name="beforeMethod" is-config="true" duration-ms="16" started-at="2021-05-28T21:22:29 IST" finished-at="2021-05-28T21:22:29 IST">
          <reporter-output>
          </reporter-output>
        </test-method> <!-- beforeMethod -->
        <test-method status="PASS" signature="BlazeDemo_Travel_World_Test03()[pri:0, instance:com.projectname.scripts.BlazeDemo_Travel_World_Test@20322d26]" name="BlazeDemo_Travel_World_Test03" duration-ms="585" started-at="2021-05-28T21:22:29 IST" description="Verifying selection of destination city" depends-on-methods="com.projectname.scripts.BlazeDemo_Travel_World_Test.BlazeDemo_Travel_World_Test02" finished-at="2021-05-28T21:22:29 IST">
          <reporter-output>
            <line>
              <![CDATA[ Expected:::System should select destination as : Berlin  Actual::: System successfully selected departure as : Berlin<div><a HREF='D:\Preqin-WorkSpace\MInterview\target\screenshots\1622217149452.jpg'><img src='D:\Preqin-WorkSpace\MInterview\target\screenshots\1622217149452.jpg' alt='Screen Shot' style='width:250px;height:200px'></a></div>]]>
            </line>
          </reporter-output>
        </test-method> <!-- BlazeDemo_Travel_World_Test03 -->
        <test-method status="PASS" signature="afterMethod(org.testng.ITestResult)[pri:0, instance:com.projectname.scripts.BlazeDemo_Travel_World_Test@20322d26]" name="afterMethod" is-config="true" duration-ms="16" started-at="2021-05-28T21:22:29 IST" finished-at="2021-05-28T21:22:29 IST">
          <params>
            <param index="0">
              <value>
                <![CDATA[[TestResult name=BlazeDemo_Travel_World_Test03 status=SUCCESS method=BlazeDemo_Travel_World_Test.BlazeDemo_Travel_World_Test03()[pri:0, instance:com.projectname.scripts.BlazeDemo_Travel_World_Test@20322d26] output= Expected:::System should select destination as : Berlin  Actual::: System successfully selected departure as : Berlin<div><a HREF='D:\Preqin-WorkSpace\MInterview\target\screenshots\1622217149452.jpg'><img src='D:\Preqin-WorkSpace\MInterview\target\screenshots\1622217149452.jpg' alt='Screen Shot' style='width:250px;height:200px'></a></div>]]]>
              </value>
            </param>
          </params>
          <reporter-output>
          </reporter-output>
        </test-method> <!-- afterMethod -->
        <test-method status="PASS" signature="beforeMethod()[pri:0, instance:com.projectname.scripts.BlazeDemo_Travel_World_Test@20322d26]" name="beforeMethod" is-config="true" duration-ms="11" started-at="2021-05-28T21:22:29 IST" finished-at="2021-05-28T21:22:29 IST">
          <reporter-output>
          </reporter-output>
        </test-method> <!-- beforeMethod -->
        <test-method status="PASS" signature="BlazeDemo_Travel_World_Test04()[pri:0, instance:com.projectname.scripts.BlazeDemo_Travel_World_Test@20322d26]" name="BlazeDemo_Travel_World_Test04" duration-ms="1044" started-at="2021-05-28T21:22:29 IST" description="Finding Flights" depends-on-methods="com.projectname.scripts.BlazeDemo_Travel_World_Test.BlazeDemo_Travel_World_Test03" finished-at="2021-05-28T21:22:30 IST">
          <reporter-output>
            <line>
              <![CDATA[ Expected:::System has successfully selected Find Flights  Actual::: System has successfully selected Find Flights<div><a HREF='D:\Preqin-WorkSpace\MInterview\target\screenshots\1622217150591.jpg'><img src='D:\Preqin-WorkSpace\MInterview\target\screenshots\1622217150591.jpg' alt='Screen Shot' style='width:250px;height:200px'></a></div>]]>
            </line>
          </reporter-output>
        </test-method> <!-- BlazeDemo_Travel_World_Test04 -->
        <test-method status="PASS" signature="afterMethod(org.testng.ITestResult)[pri:0, instance:com.projectname.scripts.BlazeDemo_Travel_World_Test@20322d26]" name="afterMethod" is-config="true" duration-ms="14" started-at="2021-05-28T21:22:30 IST" finished-at="2021-05-28T21:22:30 IST">
          <params>
            <param index="0">
              <value>
                <![CDATA[[TestResult name=BlazeDemo_Travel_World_Test04 status=SUCCESS method=BlazeDemo_Travel_World_Test.BlazeDemo_Travel_World_Test04()[pri:0, instance:com.projectname.scripts.BlazeDemo_Travel_World_Test@20322d26] output= Expected:::System has successfully selected Find Flights  Actual::: System has successfully selected Find Flights<div><a HREF='D:\Preqin-WorkSpace\MInterview\target\screenshots\1622217150591.jpg'><img src='D:\Preqin-WorkSpace\MInterview\target\screenshots\1622217150591.jpg' alt='Screen Shot' style='width:250px;height:200px'></a></div>]]]>
              </value>
            </param>
          </params>
          <reporter-output>
          </reporter-output>
        </test-method> <!-- afterMethod -->
        <test-method status="PASS" signature="beforeMethod()[pri:0, instance:com.projectname.scripts.BlazeDemo_Travel_World_Test@20322d26]" name="beforeMethod" is-config="true" duration-ms="13" started-at="2021-05-28T21:22:30 IST" finished-at="2021-05-28T21:22:30 IST">
          <reporter-output>
          </reporter-output>
        </test-method> <!-- beforeMethod -->
        <test-method status="PASS" signature="BlazeDemo_Travel_World_Test05()[pri:0, instance:com.projectname.scripts.BlazeDemo_Travel_World_Test@20322d26]" name="BlazeDemo_Travel_World_Test05" duration-ms="346" started-at="2021-05-28T21:22:30 IST" description="Verifying Landing to Choose Flight Page" depends-on-methods="com.projectname.scripts.BlazeDemo_Travel_World_Test.BlazeDemo_Travel_World_Test04" finished-at="2021-05-28T21:22:31 IST">
          <reporter-output>
            <line>
              <![CDATA[ Expected:::System should navigate to "Choose Flights Page"  Actual::: System successfully navigated to "Choose Flights Page"<div><a HREF='D:\Preqin-WorkSpace\MInterview\target\screenshots\1622217150897.jpg'><img src='D:\Preqin-WorkSpace\MInterview\target\screenshots\1622217150897.jpg' alt='Screen Shot' style='width:250px;height:200px'></a></div>]]>
            </line>
          </reporter-output>
        </test-method> <!-- BlazeDemo_Travel_World_Test05 -->
        <test-method status="PASS" signature="afterMethod(org.testng.ITestResult)[pri:0, instance:com.projectname.scripts.BlazeDemo_Travel_World_Test@20322d26]" name="afterMethod" is-config="true" duration-ms="25" started-at="2021-05-28T21:22:31 IST" finished-at="2021-05-28T21:22:31 IST">
          <params>
            <param index="0">
              <value>
                <![CDATA[[TestResult name=BlazeDemo_Travel_World_Test05 status=SUCCESS method=BlazeDemo_Travel_World_Test.BlazeDemo_Travel_World_Test05()[pri:0, instance:com.projectname.scripts.BlazeDemo_Travel_World_Test@20322d26] output= Expected:::System should navigate to "Choose Flights Page"  Actual::: System successfully navigated to "Choose Flights Page"<div><a HREF='D:\Preqin-WorkSpace\MInterview\target\screenshots\1622217150897.jpg'><img src='D:\Preqin-WorkSpace\MInterview\target\screenshots\1622217150897.jpg' alt='Screen Shot' style='width:250px;height:200px'></a></div>]]]>
              </value>
            </param>
          </params>
          <reporter-output>
          </reporter-output>
        </test-method> <!-- afterMethod -->
        <test-method status="PASS" signature="beforeMethod()[pri:0, instance:com.projectname.scripts.BlazeDemo_Travel_World_Test@20322d26]" name="beforeMethod" is-config="true" duration-ms="29" started-at="2021-05-28T21:22:31 IST" finished-at="2021-05-28T21:22:31 IST">
          <reporter-output>
          </reporter-output>
        </test-method> <!-- beforeMethod -->
        <test-method status="PASS" signature="BlazeDemo_CheckFlights_Test06()[pri:0, instance:com.projectname.scripts.BlazeDemo_Travel_World_Test@20322d26]" name="BlazeDemo_CheckFlights_Test06" duration-ms="424" started-at="2021-05-28T21:22:31 IST" description="Verifying selection of any flight" depends-on-methods="com.projectname.scripts.BlazeDemo_Travel_World_Test.BlazeDemo_Travel_World_Test05" finished-at="2021-05-28T21:22:31 IST">
          <reporter-output>
            <line>
              <![CDATA[ Expected:::System should navigate to the correct Flight Selection Page  Actual::: System has successfully navigated to the correct Flight Selection Page <div><a HREF='D:\Preqin-WorkSpace\MInterview\target\screenshots\1622217151359.jpg'><img src='D:\Preqin-WorkSpace\MInterview\target\screenshots\1622217151359.jpg' alt='Screen Shot' style='width:250px;height:200px'></a></div>]]>
            </line>
          </reporter-output>
        </test-method> <!-- BlazeDemo_CheckFlights_Test06 -->
        <test-method status="PASS" signature="afterMethod(org.testng.ITestResult)[pri:0, instance:com.projectname.scripts.BlazeDemo_Travel_World_Test@20322d26]" name="afterMethod" is-config="true" duration-ms="25" started-at="2021-05-28T21:22:31 IST" finished-at="2021-05-28T21:22:31 IST">
          <params>
            <param index="0">
              <value>
                <![CDATA[[TestResult name=BlazeDemo_CheckFlights_Test06 status=SUCCESS method=BlazeDemo_Travel_World_Test.BlazeDemo_CheckFlights_Test06()[pri:0, instance:com.projectname.scripts.BlazeDemo_Travel_World_Test@20322d26] output= Expected:::System should navigate to the correct Flight Selection Page  Actual::: System has successfully navigated to the correct Flight Selection Page <div><a HREF='D:\Preqin-WorkSpace\MInterview\target\screenshots\1622217151359.jpg'><img src='D:\Preqin-WorkSpace\MInterview\target\screenshots\1622217151359.jpg' alt='Screen Shot' style='width:250px;height:200px'></a></div>]]]>
              </value>
            </param>
          </params>
          <reporter-output>
          </reporter-output>
        </test-method> <!-- afterMethod -->
        <test-method status="PASS" signature="beforeMethod()[pri:0, instance:com.projectname.scripts.BlazeDemo_Travel_World_Test@20322d26]" name="beforeMethod" is-config="true" duration-ms="28" started-at="2021-05-28T21:22:31 IST" finished-at="2021-05-28T21:22:31 IST">
          <reporter-output>
          </reporter-output>
        </test-method> <!-- beforeMethod -->
        <test-method status="PASS" signature="BlazeDemo_CheckFlights_Test07()[pri:0, instance:com.projectname.scripts.BlazeDemo_Travel_World_Test@20322d26]" name="BlazeDemo_CheckFlights_Test07" duration-ms="1092" started-at="2021-05-28T21:22:31 IST" description="Verifying selection of destination city" depends-on-methods="com.projectname.scripts.BlazeDemo_Travel_World_Test.BlazeDemo_CheckFlights_Test06" finished-at="2021-05-28T21:22:32 IST">
          <reporter-output>
            <line>
              <![CDATA[ Expected:::System should choose flight and moved to Reserved Page   Actual::: System successfully choosen flight and moved to Reserved Page <div><a HREF='D:\Preqin-WorkSpace\MInterview\target\screenshots\1622217152562.jpg'><img src='D:\Preqin-WorkSpace\MInterview\target\screenshots\1622217152562.jpg' alt='Screen Shot' style='width:250px;height:200px'></a></div>]]>
            </line>
          </reporter-output>
        </test-method> <!-- BlazeDemo_CheckFlights_Test07 -->
        <test-method status="PASS" signature="afterMethod(org.testng.ITestResult)[pri:0, instance:com.projectname.scripts.BlazeDemo_Travel_World_Test@20322d26]" name="afterMethod" is-config="true" duration-ms="27" started-at="2021-05-28T21:22:32 IST" finished-at="2021-05-28T21:22:32 IST">
          <params>
            <param index="0">
              <value>
                <![CDATA[[TestResult name=BlazeDemo_CheckFlights_Test07 status=SUCCESS method=BlazeDemo_Travel_World_Test.BlazeDemo_CheckFlights_Test07()[pri:0, instance:com.projectname.scripts.BlazeDemo_Travel_World_Test@20322d26] output= Expected:::System should choose flight and moved to Reserved Page   Actual::: System successfully choosen flight and moved to Reserved Page <div><a HREF='D:\Preqin-WorkSpace\MInterview\target\screenshots\1622217152562.jpg'><img src='D:\Preqin-WorkSpace\MInterview\target\screenshots\1622217152562.jpg' alt='Screen Shot' style='width:250px;height:200px'></a></div>]]]>
              </value>
            </param>
          </params>
          <reporter-output>
          </reporter-output>
        </test-method> <!-- afterMethod -->
        <test-method status="PASS" signature="afterTest()[pri:0, instance:com.projectname.scripts.BlazeDemo_Travel_World_Test@20322d26]" name="afterTest" is-config="true" duration-ms="756" started-at="2021-05-28T21:22:47 IST" finished-at="2021-05-28T21:22:47 IST">
          <reporter-output>
          </reporter-output>
        </test-method> <!-- afterTest -->
        <test-method status="PASS" signature="afterSuite()[pri:0, instance:com.projectname.scripts.BlazeDemo_Travel_World_Test@20322d26]" name="afterSuite" is-config="true" duration-ms="0" started-at="2021-05-28T21:22:48 IST" finished-at="2021-05-28T21:22:48 IST">
          <reporter-output>
          </reporter-output>
        </test-method> <!-- afterSuite -->
      </class> <!-- com.projectname.scripts.BlazeDemo_Travel_World_Test -->
      <class name="com.projectname.scripts.BlazeDemo_Home_Test">
        <test-method status="PASS" signature="beforeMethod()[pri:0, instance:com.projectname.scripts.BlazeDemo_Home_Test@192b07fd]" name="beforeMethod" is-config="true" duration-ms="29" started-at="2021-05-28T21:22:32 IST" finished-at="2021-05-28T21:22:32 IST">
          <reporter-output>
          </reporter-output>
        </test-method> <!-- beforeMethod -->
        <test-method status="PASS" signature="BlazeDemo_Home_Test01()[pri:0, instance:com.projectname.scripts.BlazeDemo_Home_Test@192b07fd]" name="BlazeDemo_Home_Test01" duration-ms="2890" started-at="2021-05-28T21:22:32 IST" description="Navigate To BlazeDemo Home Page" finished-at="2021-05-28T21:22:35 IST">
          <reporter-output>
            <line>
              <![CDATA[ Expected:::System should navigate to "BlazeDemo_HomePage Page"  Actual::: System successfully navigated to "BlazeDemo_HomePage Page"<div><a HREF='D:\Preqin-WorkSpace\MInterview\target\screenshots\1622217155492.jpg'><img src='D:\Preqin-WorkSpace\MInterview\target\screenshots\1622217155492.jpg' alt='Screen Shot' style='width:250px;height:200px'></a></div>]]>
            </line>
          </reporter-output>
        </test-method> <!-- BlazeDemo_Home_Test01 -->
        <test-method status="PASS" signature="afterMethod(org.testng.ITestResult)[pri:0, instance:com.projectname.scripts.BlazeDemo_Home_Test@192b07fd]" name="afterMethod" is-config="true" duration-ms="22" started-at="2021-05-28T21:22:35 IST" finished-at="2021-05-28T21:22:35 IST">
          <params>
            <param index="0">
              <value>
                <![CDATA[[TestResult name=BlazeDemo_Home_Test01 status=SUCCESS method=BlazeDemo_Home_Test.BlazeDemo_Home_Test01()[pri:0, instance:com.projectname.scripts.BlazeDemo_Home_Test@192b07fd] output= Expected:::System should navigate to "BlazeDemo_HomePage Page"  Actual::: System successfully navigated to "BlazeDemo_HomePage Page"<div><a HREF='D:\Preqin-WorkSpace\MInterview\target\screenshots\1622217155492.jpg'><img src='D:\Preqin-WorkSpace\MInterview\target\screenshots\1622217155492.jpg' alt='Screen Shot' style='width:250px;height:200px'></a></div>]]]>
              </value>
            </param>
          </params>
          <reporter-output>
          </reporter-output>
        </test-method> <!-- afterMethod -->
        <test-method status="PASS" signature="beforeMethod()[pri:0, instance:com.projectname.scripts.BlazeDemo_Home_Test@192b07fd]" name="beforeMethod" is-config="true" duration-ms="22" started-at="2021-05-28T21:22:35 IST" finished-at="2021-05-28T21:22:35 IST">
          <reporter-output>
          </reporter-output>
        </test-method> <!-- beforeMethod -->
        <test-method status="PASS" signature="BlazeDemo_Home_Test02()[pri:0, instance:com.projectname.scripts.BlazeDemo_Home_Test@192b07fd]" name="BlazeDemo_Home_Test02" duration-ms="1355" started-at="2021-05-28T21:22:35 IST" description="Navigate To Registration Page" depends-on-methods="com.projectname.scripts.BlazeDemo_Home_Test.BlazeDemo_Home_Test01" finished-at="2021-05-28T21:22:37 IST">
          <reporter-output>
            <line>
              <![CDATA[ Expected:::System should navigate to "BlazeDemo_Registration Page"  Actual::: System successfully navigated to "BlazeDemo_Registration Page"<div><a HREF='D:\Preqin-WorkSpace\MInterview\target\screenshots\1622217156825.jpg'><img src='D:\Preqin-WorkSpace\MInterview\target\screenshots\1622217156825.jpg' alt='Screen Shot' style='width:250px;height:200px'></a></div>]]>
            </line>
          </reporter-output>
        </test-method> <!-- BlazeDemo_Home_Test02 -->
        <test-method status="PASS" signature="afterMethod(org.testng.ITestResult)[pri:0, instance:com.projectname.scripts.BlazeDemo_Home_Test@192b07fd]" name="afterMethod" is-config="true" duration-ms="21" started-at="2021-05-28T21:22:37 IST" finished-at="2021-05-28T21:22:37 IST">
          <params>
            <param index="0">
              <value>
                <![CDATA[[TestResult name=BlazeDemo_Home_Test02 status=SUCCESS method=BlazeDemo_Home_Test.BlazeDemo_Home_Test02()[pri:0, instance:com.projectname.scripts.BlazeDemo_Home_Test@192b07fd] output= Expected:::System should navigate to "BlazeDemo_Registration Page"  Actual::: System successfully navigated to "BlazeDemo_Registration Page"<div><a HREF='D:\Preqin-WorkSpace\MInterview\target\screenshots\1622217156825.jpg'><img src='D:\Preqin-WorkSpace\MInterview\target\screenshots\1622217156825.jpg' alt='Screen Shot' style='width:250px;height:200px'></a></div>]]]>
              </value>
            </param>
          </params>
          <reporter-output>
          </reporter-output>
        </test-method> <!-- afterMethod -->
        <test-method status="PASS" signature="beforeMethod()[pri:0, instance:com.projectname.scripts.BlazeDemo_Home_Test@192b07fd]" name="beforeMethod" is-config="true" duration-ms="19" started-at="2021-05-28T21:22:37 IST" finished-at="2021-05-28T21:22:37 IST">
          <reporter-output>
          </reporter-output>
        </test-method> <!-- beforeMethod -->
        <test-method status="PASS" signature="BlazeDemo_Home_Test03()[pri:0, instance:com.projectname.scripts.BlazeDemo_Home_Test@192b07fd]" name="BlazeDemo_Home_Test03" duration-ms="3570" started-at="2021-05-28T21:22:37 IST" description="Fill The Registration Page" depends-on-methods="com.projectname.scripts.BlazeDemo_Home_Test.BlazeDemo_Home_Test02" finished-at="2021-05-28T21:22:40 IST">
          <reporter-output>
            <line>
              <![CDATA[ Expected:::System should fill the registration form  Actual::: System successfully fill the registration form<div><a HREF='D:\Preqin-WorkSpace\MInterview\target\screenshots\1622217160542.jpg'><img src='D:\Preqin-WorkSpace\MInterview\target\screenshots\1622217160542.jpg' alt='Screen Shot' style='width:250px;height:200px'></a></div>]]>
            </line>
          </reporter-output>
        </test-method> <!-- BlazeDemo_Home_Test03 -->
        <test-method status="PASS" signature="afterMethod(org.testng.ITestResult)[pri:0, instance:com.projectname.scripts.BlazeDemo_Home_Test@192b07fd]" name="afterMethod" is-config="true" duration-ms="21" started-at="2021-05-28T21:22:40 IST" finished-at="2021-05-28T21:22:40 IST">
          <params>
            <param index="0">
              <value>
                <![CDATA[[TestResult name=BlazeDemo_Home_Test03 status=SUCCESS method=BlazeDemo_Home_Test.BlazeDemo_Home_Test03()[pri:0, instance:com.projectname.scripts.BlazeDemo_Home_Test@192b07fd] output= Expected:::System should fill the registration form  Actual::: System successfully fill the registration form<div><a HREF='D:\Preqin-WorkSpace\MInterview\target\screenshots\1622217160542.jpg'><img src='D:\Preqin-WorkSpace\MInterview\target\screenshots\1622217160542.jpg' alt='Screen Shot' style='width:250px;height:200px'></a></div>]]]>
              </value>
            </param>
          </params>
          <reporter-output>
          </reporter-output>
        </test-method> <!-- afterMethod -->
      </class> <!-- com.projectname.scripts.BlazeDemo_Home_Test -->
    </test> <!-- Test -->
  </suite> <!-- Project Suite -->
</testng-results>
